Build output check failed:
    Regex: 'command[- ]line option .* is valid for .* but not for C'
    Output line: 'cc1: warning: command-line option ‘-Wnon-virtual-dtor’ is valid for C++/ObjC++ but not for C'
Compilation failed:
    source file: '/home/praveenvnktsh/slam/code/build/CMakeFiles/CMakeTmp/src.c'
    check option: ' -fsigned-char -W -Wall -Wreturn-type  -Wnon-virtual-dtor'
===== BUILD LOG =====
Change Dir: '/home/praveenvnktsh/slam/code/build/CMakeFiles/CMakeTmp'

Run Build Command(s): /home/praveenvnktsh/.local/lib/python3.10/site-packages/cmake/data/bin/cmake -E env VERBOSE=1 /usr/bin/gmake -f Makefile cmTC_ca111/fast
/usr/bin/gmake  -f CMakeFiles/cmTC_ca111.dir/build.make CMakeFiles/cmTC_ca111.dir/build
gmake[1]: Entering directory '/home/praveenvnktsh/slam/code/build/CMakeFiles/CMakeTmp'
Building C object CMakeFiles/cmTC_ca111.dir/src.c.o
/usr/bin/cc   -O3 -DNDEBUG -fPIE    -fsigned-char -W -Wall -Wreturn-type  -Wnon-virtual-dtor -o CMakeFiles/cmTC_ca111.dir/src.c.o -c /home/praveenvnktsh/slam/code/build/CMakeFiles/CMakeTmp/src.c
cc1: warning: command-line option ‘-Wnon-virtual-dtor’ is valid for C++/ObjC++ but not for C
/home/praveenvnktsh/slam/code/build/CMakeFiles/CMakeTmp/src.c:1: warning: ignoring ‘#pragma  ’ [-Wunknown-pragmas]
    1 | #pragma
      | 
Linking C executable cmTC_ca111
/home/praveenvnktsh/.local/lib/python3.10/site-packages/cmake/data/bin/cmake -E cmake_link_script CMakeFiles/cmTC_ca111.dir/link.txt --verbose=1
/usr/bin/cc -O3 -DNDEBUG CMakeFiles/cmTC_ca111.dir/src.c.o -o cmTC_ca111 
gmake[1]: Leaving directory '/home/praveenvnktsh/slam/code/build/CMakeFiles/CMakeTmp'


===== END =====

Build output check failed:
    Regex: 'command[- ]line option .* is valid for .* but not for C\+\+'
    Output line: 'cc1plus: warning: command-line option ‘-Wmissing-prototypes’ is valid for C/ObjC but not for C++'
Compilation failed:
    source file: '/home/praveenvnktsh/slam/code/build/CMakeFiles/CMakeTmp/src.cxx'
    check option: ' -fsigned-char -W -Wall -Wreturn-type -Wnon-virtual-dtor -Waddress -Wsequence-point -Wformat -Wformat-security -Wmissing-declarations  -Wmissing-prototypes'
===== BUILD LOG =====
Change Dir: '/home/praveenvnktsh/slam/code/build/CMakeFiles/CMakeTmp'

Run Build Command(s): /home/praveenvnktsh/.local/lib/python3.10/site-packages/cmake/data/bin/cmake -E env VERBOSE=1 /usr/bin/gmake -f Makefile cmTC_64113/fast
/usr/bin/gmake  -f CMakeFiles/cmTC_64113.dir/build.make CMakeFiles/cmTC_64113.dir/build
gmake[1]: Entering directory '/home/praveenvnktsh/slam/code/build/CMakeFiles/CMakeTmp'
Building CXX object CMakeFiles/cmTC_64113.dir/src.cxx.o
/usr/bin/c++   -O3 -DNDEBUG -std=c++11 -fPIE    -fsigned-char -W -Wall -Wreturn-type -Wnon-virtual-dtor -Waddress -Wsequence-point -Wformat -Wformat-security -Wmissing-declarations  -Wmissing-prototypes -o CMakeFiles/cmTC_64113.dir/src.cxx.o -c /home/praveenvnktsh/slam/code/build/CMakeFiles/CMakeTmp/src.cxx
cc1plus: warning: command-line option ‘-Wmissing-prototypes’ is valid for C/ObjC but not for C++
/home/praveenvnktsh/slam/code/build/CMakeFiles/CMakeTmp/src.cxx:1: warning: ignoring ‘#pragma  ’ [-Wunknown-pragmas]
    1 | #pragma
      | 
Linking CXX executable cmTC_64113
/home/praveenvnktsh/.local/lib/python3.10/site-packages/cmake/data/bin/cmake -E cmake_link_script CMakeFiles/cmTC_64113.dir/link.txt --verbose=1
/usr/bin/c++ -O3 -DNDEBUG CMakeFiles/cmTC_64113.dir/src.cxx.o -o cmTC_64113 
gmake[1]: Leaving directory '/home/praveenvnktsh/slam/code/build/CMakeFiles/CMakeTmp'


===== END =====

Build output check failed:
    Regex: 'command[- ]line option .* is valid for .* but not for C\+\+'
    Output line: 'cc1plus: warning: command-line option ‘-Wstrict-prototypes’ is valid for C/ObjC but not for C++'
Compilation failed:
    source file: '/home/praveenvnktsh/slam/code/build/CMakeFiles/CMakeTmp/src.cxx'
    check option: ' -fsigned-char -W -Wall -Wreturn-type -Wnon-virtual-dtor -Waddress -Wsequence-point -Wformat -Wformat-security -Wmissing-declarations  -Wstrict-prototypes'
===== BUILD LOG =====
Change Dir: '/home/praveenvnktsh/slam/code/build/CMakeFiles/CMakeTmp'

Run Build Command(s): /home/praveenvnktsh/.local/lib/python3.10/site-packages/cmake/data/bin/cmake -E env VERBOSE=1 /usr/bin/gmake -f Makefile cmTC_57199/fast
/usr/bin/gmake  -f CMakeFiles/cmTC_57199.dir/build.make CMakeFiles/cmTC_57199.dir/build
gmake[1]: Entering directory '/home/praveenvnktsh/slam/code/build/CMakeFiles/CMakeTmp'
Building CXX object CMakeFiles/cmTC_57199.dir/src.cxx.o
/usr/bin/c++   -O3 -DNDEBUG -std=c++11 -fPIE    -fsigned-char -W -Wall -Wreturn-type -Wnon-virtual-dtor -Waddress -Wsequence-point -Wformat -Wformat-security -Wmissing-declarations  -Wstrict-prototypes -o CMakeFiles/cmTC_57199.dir/src.cxx.o -c /home/praveenvnktsh/slam/code/build/CMakeFiles/CMakeTmp/src.cxx
cc1plus: warning: command-line option ‘-Wstrict-prototypes’ is valid for C/ObjC but not for C++
/home/praveenvnktsh/slam/code/build/CMakeFiles/CMakeTmp/src.cxx:1: warning: ignoring ‘#pragma  ’ [-Wunknown-pragmas]
    1 | #pragma
      | 
Linking CXX executable cmTC_57199
/home/praveenvnktsh/.local/lib/python3.10/site-packages/cmake/data/bin/cmake -E cmake_link_script CMakeFiles/cmTC_57199.dir/link.txt --verbose=1
/usr/bin/c++ -O3 -DNDEBUG CMakeFiles/cmTC_57199.dir/src.cxx.o -o cmTC_57199 
gmake[1]: Leaving directory '/home/praveenvnktsh/slam/code/build/CMakeFiles/CMakeTmp'


===== END =====

Build output check failed:
    Regex: 'command[- ]line option .* is valid for .* but not for C'
    Output line: 'cc1: warning: command-line option ‘-Wsign-promo’ is valid for C++/ObjC++ but not for C'
Compilation failed:
    source file: '/home/praveenvnktsh/slam/code/build/CMakeFiles/CMakeTmp/src.c'
    check option: ' -fsigned-char -W -Wall -Wreturn-type -Waddress -Wsequence-point -Wformat -Wformat-security -Wmissing-declarations -Wmissing-prototypes -Wstrict-prototypes -Wundef -Winit-self -Wpointer-arith -Wshadow  -Wsign-promo'
===== BUILD LOG =====
Change Dir: '/home/praveenvnktsh/slam/code/build/CMakeFiles/CMakeTmp'

Run Build Command(s): /home/praveenvnktsh/.local/lib/python3.10/site-packages/cmake/data/bin/cmake -E env VERBOSE=1 /usr/bin/gmake -f Makefile cmTC_fa168/fast
/usr/bin/gmake  -f CMakeFiles/cmTC_fa168.dir/build.make CMakeFiles/cmTC_fa168.dir/build
gmake[1]: Entering directory '/home/praveenvnktsh/slam/code/build/CMakeFiles/CMakeTmp'
Building C object CMakeFiles/cmTC_fa168.dir/src.c.o
/usr/bin/cc   -O3 -DNDEBUG -fPIE    -fsigned-char -W -Wall -Wreturn-type -Waddress -Wsequence-point -Wformat -Wformat-security -Wmissing-declarations -Wmissing-prototypes -Wstrict-prototypes -Wundef -Winit-self -Wpointer-arith -Wshadow  -Wsign-promo -o CMakeFiles/cmTC_fa168.dir/src.c.o -c /home/praveenvnktsh/slam/code/build/CMakeFiles/CMakeTmp/src.c
cc1: warning: command-line option ‘-Wsign-promo’ is valid for C++/ObjC++ but not for C
/home/praveenvnktsh/slam/code/build/CMakeFiles/CMakeTmp/src.c:1: warning: ignoring ‘#pragma  ’ [-Wunknown-pragmas]
    1 | #pragma
      | 
Linking C executable cmTC_fa168
/home/praveenvnktsh/.local/lib/python3.10/site-packages/cmake/data/bin/cmake -E cmake_link_script CMakeFiles/cmTC_fa168.dir/link.txt --verbose=1
/usr/bin/cc -O3 -DNDEBUG CMakeFiles/cmTC_fa168.dir/src.c.o -o cmTC_fa168 
gmake[1]: Leaving directory '/home/praveenvnktsh/slam/code/build/CMakeFiles/CMakeTmp'


===== END =====

Build output check failed:
    Regex: 'command[- ]line option .* is valid for .* but not for C'
    Output line: 'cc1: warning: command-line option ‘-Wsuggest-override’ is valid for C++/ObjC++ but not for C'
Compilation failed:
    source file: '/home/praveenvnktsh/slam/code/build/CMakeFiles/CMakeTmp/src.c'
    check option: ' -fsigned-char -W -Wall -Wreturn-type -Waddress -Wsequence-point -Wformat -Wformat-security -Wmissing-declarations -Wmissing-prototypes -Wstrict-prototypes -Wundef -Winit-self -Wpointer-arith -Wshadow -Wuninitialized  -Wsuggest-override'
===== BUILD LOG =====
Change Dir: '/home/praveenvnktsh/slam/code/build/CMakeFiles/CMakeTmp'

Run Build Command(s): /home/praveenvnktsh/.local/lib/python3.10/site-packages/cmake/data/bin/cmake -E env VERBOSE=1 /usr/bin/gmake -f Makefile cmTC_3da87/fast
/usr/bin/gmake  -f CMakeFiles/cmTC_3da87.dir/build.make CMakeFiles/cmTC_3da87.dir/build
gmake[1]: Entering directory '/home/praveenvnktsh/slam/code/build/CMakeFiles/CMakeTmp'
Building C object CMakeFiles/cmTC_3da87.dir/src.c.o
/usr/bin/cc   -O3 -DNDEBUG -fPIE    -fsigned-char -W -Wall -Wreturn-type -Waddress -Wsequence-point -Wformat -Wformat-security -Wmissing-declarations -Wmissing-prototypes -Wstrict-prototypes -Wundef -Winit-self -Wpointer-arith -Wshadow -Wuninitialized  -Wsuggest-override -o CMakeFiles/cmTC_3da87.dir/src.c.o -c /home/praveenvnktsh/slam/code/build/CMakeFiles/CMakeTmp/src.c
cc1: warning: command-line option ‘-Wsuggest-override’ is valid for C++/ObjC++ but not for C
/home/praveenvnktsh/slam/code/build/CMakeFiles/CMakeTmp/src.c:1: warning: ignoring ‘#pragma  ’ [-Wunknown-pragmas]
    1 | #pragma
      | 
Linking C executable cmTC_3da87
/home/praveenvnktsh/.local/lib/python3.10/site-packages/cmake/data/bin/cmake -E cmake_link_script CMakeFiles/cmTC_3da87.dir/link.txt --verbose=1
/usr/bin/cc -O3 -DNDEBUG CMakeFiles/cmTC_3da87.dir/src.c.o -o cmTC_3da87 
gmake[1]: Leaving directory '/home/praveenvnktsh/slam/code/build/CMakeFiles/CMakeTmp'


===== END =====

Build output check failed:
    Regex: 'command[- ]line option .* is valid for .* but not for C'
    Output line: 'cc1: warning: command-line option ‘-Wno-delete-non-virtual-dtor’ is valid for C++/ObjC++ but not for C'
Compilation failed:
    source file: '/home/praveenvnktsh/slam/code/build/CMakeFiles/CMakeTmp/src.c'
    check option: ' -fsigned-char -W -Wall -Wreturn-type -Waddress -Wsequence-point -Wformat -Wformat-security -Wmissing-declarations -Wmissing-prototypes -Wstrict-prototypes -Wundef -Winit-self -Wpointer-arith -Wshadow -Wuninitialized  -Wno-delete-non-virtual-dtor'
===== BUILD LOG =====
Change Dir: '/home/praveenvnktsh/slam/code/build/CMakeFiles/CMakeTmp'

Run Build Command(s): /home/praveenvnktsh/.local/lib/python3.10/site-packages/cmake/data/bin/cmake -E env VERBOSE=1 /usr/bin/gmake -f Makefile cmTC_d6c8a/fast
/usr/bin/gmake  -f CMakeFiles/cmTC_d6c8a.dir/build.make CMakeFiles/cmTC_d6c8a.dir/build
gmake[1]: Entering directory '/home/praveenvnktsh/slam/code/build/CMakeFiles/CMakeTmp'
Building C object CMakeFiles/cmTC_d6c8a.dir/src.c.o
/usr/bin/cc   -O3 -DNDEBUG -fPIE    -fsigned-char -W -Wall -Wreturn-type -Waddress -Wsequence-point -Wformat -Wformat-security -Wmissing-declarations -Wmissing-prototypes -Wstrict-prototypes -Wundef -Winit-self -Wpointer-arith -Wshadow -Wuninitialized  -Wno-delete-non-virtual-dtor -o CMakeFiles/cmTC_d6c8a.dir/src.c.o -c /home/praveenvnktsh/slam/code/build/CMakeFiles/CMakeTmp/src.c
cc1: warning: command-line option ‘-Wno-delete-non-virtual-dtor’ is valid for C++/ObjC++ but not for C
/home/praveenvnktsh/slam/code/build/CMakeFiles/CMakeTmp/src.c:1: warning: ignoring ‘#pragma  ’ [-Wunknown-pragmas]
    1 | #pragma
      | 
Linking C executable cmTC_d6c8a
/home/praveenvnktsh/.local/lib/python3.10/site-packages/cmake/data/bin/cmake -E cmake_link_script CMakeFiles/cmTC_d6c8a.dir/link.txt --verbose=1
/usr/bin/cc -O3 -DNDEBUG CMakeFiles/cmTC_d6c8a.dir/src.c.o -o cmTC_d6c8a 
gmake[1]: Leaving directory '/home/praveenvnktsh/slam/code/build/CMakeFiles/CMakeTmp'


===== END =====

Build output check failed:
    Regex: 'unrecognized .*option'
    Output line: 'cc1plus: note: unrecognized command-line option ‘-Wno-unnamed-type-template-args’ may have been intended to silence earlier diagnostics'
Compilation failed:
    source file: '/home/praveenvnktsh/slam/code/build/CMakeFiles/CMakeTmp/src.cxx'
    check option: ' -fsigned-char -W -Wall -Wreturn-type -Wnon-virtual-dtor -Waddress -Wsequence-point -Wformat -Wformat-security -Wmissing-declarations -Wundef -Winit-self -Wpointer-arith -Wshadow -Wsign-promo -Wuninitialized -Wsuggest-override -Wno-delete-non-virtual-dtor  -Wno-unnamed-type-template-args'
===== BUILD LOG =====
Change Dir: '/home/praveenvnktsh/slam/code/build/CMakeFiles/CMakeTmp'

Run Build Command(s): /home/praveenvnktsh/.local/lib/python3.10/site-packages/cmake/data/bin/cmake -E env VERBOSE=1 /usr/bin/gmake -f Makefile cmTC_27483/fast
/usr/bin/gmake  -f CMakeFiles/cmTC_27483.dir/build.make CMakeFiles/cmTC_27483.dir/build
gmake[1]: Entering directory '/home/praveenvnktsh/slam/code/build/CMakeFiles/CMakeTmp'
Building CXX object CMakeFiles/cmTC_27483.dir/src.cxx.o
/usr/bin/c++   -O3 -DNDEBUG -std=c++11 -fPIE    -fsigned-char -W -Wall -Wreturn-type -Wnon-virtual-dtor -Waddress -Wsequence-point -Wformat -Wformat-security -Wmissing-declarations -Wundef -Winit-self -Wpointer-arith -Wshadow -Wsign-promo -Wuninitialized -Wsuggest-override -Wno-delete-non-virtual-dtor  -Wno-unnamed-type-template-args -o CMakeFiles/cmTC_27483.dir/src.cxx.o -c /home/praveenvnktsh/slam/code/build/CMakeFiles/CMakeTmp/src.cxx
/home/praveenvnktsh/slam/code/build/CMakeFiles/CMakeTmp/src.cxx:1: warning: ignoring ‘#pragma  ’ [-Wunknown-pragmas]
    1 | #pragma
      | 
cc1plus: note: unrecognized command-line option ‘-Wno-unnamed-type-template-args’ may have been intended to silence earlier diagnostics
Linking CXX executable cmTC_27483
/home/praveenvnktsh/.local/lib/python3.10/site-packages/cmake/data/bin/cmake -E cmake_link_script CMakeFiles/cmTC_27483.dir/link.txt --verbose=1
/usr/bin/c++ -O3 -DNDEBUG CMakeFiles/cmTC_27483.dir/src.cxx.o -o cmTC_27483 
gmake[1]: Leaving directory '/home/praveenvnktsh/slam/code/build/CMakeFiles/CMakeTmp'


===== END =====

Build output check failed:
    Regex: 'unrecognized .*option'
    Output line: 'cc1: note: unrecognized command-line option ‘-Wno-unnamed-type-template-args’ may have been intended to silence earlier diagnostics'
Compilation failed:
    source file: '/home/praveenvnktsh/slam/code/build/CMakeFiles/CMakeTmp/src.c'
    check option: ' -fsigned-char -W -Wall -Wreturn-type -Waddress -Wsequence-point -Wformat -Wformat-security -Wmissing-declarations -Wmissing-prototypes -Wstrict-prototypes -Wundef -Winit-self -Wpointer-arith -Wshadow -Wuninitialized  -Wno-unnamed-type-template-args'
===== BUILD LOG =====
Change Dir: '/home/praveenvnktsh/slam/code/build/CMakeFiles/CMakeTmp'

Run Build Command(s): /home/praveenvnktsh/.local/lib/python3.10/site-packages/cmake/data/bin/cmake -E env VERBOSE=1 /usr/bin/gmake -f Makefile cmTC_f96b8/fast
/usr/bin/gmake  -f CMakeFiles/cmTC_f96b8.dir/build.make CMakeFiles/cmTC_f96b8.dir/build
gmake[1]: Entering directory '/home/praveenvnktsh/slam/code/build/CMakeFiles/CMakeTmp'
Building C object CMakeFiles/cmTC_f96b8.dir/src.c.o
/usr/bin/cc   -O3 -DNDEBUG -fPIE    -fsigned-char -W -Wall -Wreturn-type -Waddress -Wsequence-point -Wformat -Wformat-security -Wmissing-declarations -Wmissing-prototypes -Wstrict-prototypes -Wundef -Winit-self -Wpointer-arith -Wshadow -Wuninitialized  -Wno-unnamed-type-template-args -o CMakeFiles/cmTC_f96b8.dir/src.c.o -c /home/praveenvnktsh/slam/code/build/CMakeFiles/CMakeTmp/src.c
/home/praveenvnktsh/slam/code/build/CMakeFiles/CMakeTmp/src.c:1: warning: ignoring ‘#pragma  ’ [-Wunknown-pragmas]
    1 | #pragma
      | 
cc1: note: unrecognized command-line option ‘-Wno-unnamed-type-template-args’ may have been intended to silence earlier diagnostics
Linking C executable cmTC_f96b8
/home/praveenvnktsh/.local/lib/python3.10/site-packages/cmake/data/bin/cmake -E cmake_link_script CMakeFiles/cmTC_f96b8.dir/link.txt --verbose=1
/usr/bin/cc -O3 -DNDEBUG CMakeFiles/cmTC_f96b8.dir/src.c.o -o cmTC_f96b8 
gmake[1]: Leaving directory '/home/praveenvnktsh/slam/code/build/CMakeFiles/CMakeTmp'


===== END =====

